Oct-13 15:07:12.093 [main] DEBUG nextflow.cli.Launcher - $> nextflow -C phipflow_docker.config run ../phip-flow/PhIP-Flow.nf -with-report ./output/nextflow_report.html -work-dir ./output/work/
Oct-13 15:07:12.167 [main] INFO  nextflow.cli.CmdRun - N E X T F L O W  ~  version 20.04.1
Oct-13 15:07:12.175 [main] INFO  nextflow.cli.CmdRun - Launching `../phip-flow/PhIP-Flow.nf` [sick_monod] - revision: cdcaa01667
Oct-13 15:07:12.191 [main] DEBUG nextflow.config.ConfigBuilder - Parsing config file: /home/jared/MatsenGroup/Projects/phippery/phip-flow-template/sim-example/phipflow_docker.config
Oct-13 15:07:12.208 [main] DEBUG nextflow.config.ConfigBuilder - Applying config profile: `standard`
Oct-13 15:07:12.514 [main] DEBUG nextflow.Session - Session uuid: c710661c-a8b9-42e7-85be-8a55b7a2a452
Oct-13 15:07:12.515 [main] DEBUG nextflow.Session - Run name: sick_monod
Oct-13 15:07:12.515 [main] DEBUG nextflow.Session - Executor pool size: 4
Oct-13 15:07:12.547 [main] DEBUG nextflow.cli.CmdRun - 
  Version: 20.04.1 build 5335
  Created: 03-05-2020 19:37 UTC (12:37 PDT)
  System: Linux 5.4.0-88-generic
  Runtime: Groovy 2.5.8 on OpenJDK 64-Bit Server VM 11.0.11+9-Ubuntu-0ubuntu2.20.04
  Encoding: UTF-8 (UTF-8)
  Process: 181454@ubuntu [127.0.1.1]
  CPUs: 4 - Mem: 15.6 GB (1.5 GB) - Swap: 2 GB (1.9 GB)
Oct-13 15:07:12.566 [main] DEBUG nextflow.Session - Work-dir: /home/jared/MatsenGroup/Projects/phippery/phip-flow-template/sim-example/output/work [ext2/ext3]
Oct-13 15:07:12.566 [main] DEBUG nextflow.Session - Script base path does not exist or is not a directory: /home/jared/MatsenGroup/Projects/phippery/phip-flow-template/phip-flow/bin
Oct-13 15:07:12.588 [main] DEBUG nextflow.Session - Observer factory: TowerFactory
Oct-13 15:07:12.590 [main] DEBUG nextflow.Session - Observer factory: DefaultObserverFactory
Oct-13 15:07:12.705 [main] DEBUG nextflow.Session - Session start invoked
Oct-13 15:07:12.870 [main] DEBUG nextflow.script.ScriptRunner - > Launching execution
Oct-13 15:07:12.876 [main] DEBUG nextflow.Session - Workflow process names [dsl1]: generate_fasta_reference, sam_to_stats, generate_index, short_read_alignment, sam_to_counts, collect_phip_data
Oct-13 15:07:12.989 [main] DEBUG nextflow.script.ProcessConfig - Config settings `withName:generate_fasta_reference` matches process generate_fasta_reference
Oct-13 15:07:12.992 [main] DEBUG nextflow.executor.ExecutorFactory - << taskConfig executor: null
Oct-13 15:07:12.992 [main] DEBUG nextflow.executor.ExecutorFactory - >> processorType: 'local'
Oct-13 15:07:12.995 [main] DEBUG nextflow.executor.Executor - [warm up] executor > local
Oct-13 15:07:12.999 [main] DEBUG n.processor.LocalPollingMonitor - Creating local task monitor for executor 'local' > cpus=4; memory=15.6 GB; capacity=4; pollInterval=100ms; dumpInterval=5m
Oct-13 15:07:13.120 [main] DEBUG nextflow.script.ProcessConfig - Config settings `withName:generate_index` matches process generate_index
Oct-13 15:07:13.137 [main] DEBUG nextflow.executor.ExecutorFactory - << taskConfig executor: null
Oct-13 15:07:13.138 [main] DEBUG nextflow.executor.ExecutorFactory - >> processorType: 'local'
Oct-13 15:07:13.287 [main] DEBUG nextflow.script.ProcessConfig - Config settings `withName:short_read_alignment` matches process short_read_alignment
Oct-13 15:07:13.299 [main] DEBUG nextflow.executor.ExecutorFactory - << taskConfig executor: null
Oct-13 15:07:13.299 [main] DEBUG nextflow.executor.ExecutorFactory - >> processorType: 'local'
Oct-13 15:07:13.319 [main] DEBUG nextflow.script.ProcessConfig - Config settings `withName:sam_to_stats` matches process sam_to_stats
Oct-13 15:07:13.320 [main] DEBUG nextflow.executor.ExecutorFactory - << taskConfig executor: null
Oct-13 15:07:13.320 [main] DEBUG nextflow.executor.ExecutorFactory - >> processorType: 'local'
Oct-13 15:07:13.324 [main] DEBUG nextflow.script.ProcessConfig - Config settings `withName:sam_to_counts` matches process sam_to_counts
Oct-13 15:07:13.324 [main] DEBUG nextflow.executor.ExecutorFactory - << taskConfig executor: null
Oct-13 15:07:13.324 [main] DEBUG nextflow.executor.ExecutorFactory - >> processorType: 'local'
Oct-13 15:07:13.342 [main] DEBUG nextflow.script.ProcessConfig - Config settings `withName:collect_phip_data` matches process collect_phip_data
Oct-13 15:07:13.342 [main] DEBUG nextflow.executor.ExecutorFactory - << taskConfig executor: null
Oct-13 15:07:13.342 [main] DEBUG nextflow.executor.ExecutorFactory - >> processorType: 'local'
Oct-13 15:07:13.352 [main] DEBUG nextflow.script.ScriptRunner - > Await termination 
Oct-13 15:07:13.352 [main] DEBUG nextflow.Session - Session await
Oct-13 15:07:13.430 [Task submitter] DEBUG nextflow.executor.LocalTaskHandler - Launch cmd line: /bin/bash -ue .command.run
Oct-13 15:07:13.449 [Task submitter] INFO  nextflow.Session - [e3/c5f624] Submitted process > generate_fasta_reference (1)
Oct-13 15:07:14.799 [Task monitor] DEBUG n.processor.TaskPollingMonitor - Task completed > TaskHandler[id: 1; name: generate_fasta_reference (1); status: COMPLETED; exit: 0; error: -; workDir: /home/jared/MatsenGroup/Projects/phippery/phip-flow-template/sim-example/output/work/e3/c5f624a015980ad56d0178c2d4d3ed]
Oct-13 15:07:14.865 [Task submitter] DEBUG nextflow.executor.LocalTaskHandler - Launch cmd line: /bin/bash -ue .command.run
Oct-13 15:07:14.866 [Task submitter] INFO  nextflow.Session - [de/2fb3a8] Submitted process > generate_index (1)
Oct-13 15:07:16.620 [Task monitor] DEBUG n.processor.TaskPollingMonitor - Task completed > TaskHandler[id: 2; name: generate_index (1); status: COMPLETED; exit: 0; error: -; workDir: /home/jared/MatsenGroup/Projects/phippery/phip-flow-template/sim-example/output/work/de/2fb3a837c5426c0e64555b4163c1cc]
Oct-13 15:07:16.651 [Task submitter] DEBUG nextflow.executor.LocalTaskHandler - Launch cmd line: /bin/bash -ue .command.run
Oct-13 15:07:16.660 [Task submitter] INFO  nextflow.Session - [3a/cee8cb] Submitted process > short_read_alignment (1)
Oct-13 15:07:16.667 [Task submitter] DEBUG nextflow.executor.LocalTaskHandler - Launch cmd line: /bin/bash -ue .command.run
Oct-13 15:07:16.668 [Task submitter] INFO  nextflow.Session - [49/c01c6f] Submitted process > short_read_alignment (2)
Oct-13 15:07:16.675 [Task submitter] DEBUG nextflow.executor.LocalTaskHandler - Launch cmd line: /bin/bash -ue .command.run
Oct-13 15:07:16.675 [Task submitter] INFO  nextflow.Session - [5b/722a67] Submitted process > short_read_alignment (3)
Oct-13 15:07:16.679 [Task submitter] DEBUG nextflow.executor.LocalTaskHandler - Launch cmd line: /bin/bash -ue .command.run
Oct-13 15:07:16.680 [Task submitter] INFO  nextflow.Session - [a0/5c29c3] Submitted process > short_read_alignment (4)
Oct-13 15:07:18.520 [Task monitor] DEBUG n.processor.TaskPollingMonitor - Task completed > TaskHandler[id: 3; name: short_read_alignment (1); status: COMPLETED; exit: 0; error: -; workDir: /home/jared/MatsenGroup/Projects/phippery/phip-flow-template/sim-example/output/work/3a/cee8cb36b83c884b8fbbe916b22ac3]
Oct-13 15:07:18.523 [Task submitter] DEBUG nextflow.executor.LocalTaskHandler - Launch cmd line: /bin/bash -ue .command.run
Oct-13 15:07:18.524 [Task submitter] INFO  nextflow.Session - [26/0fd9a3] Submitted process > short_read_alignment (6)
Oct-13 15:07:18.815 [Task monitor] DEBUG n.processor.TaskPollingMonitor - Task completed > TaskHandler[id: 5; name: short_read_alignment (3); status: COMPLETED; exit: 0; error: -; workDir: /home/jared/MatsenGroup/Projects/phippery/phip-flow-template/sim-example/output/work/5b/722a67aa1db6b517ad47cbbc6102db]
Oct-13 15:07:18.824 [Task submitter] DEBUG nextflow.executor.LocalTaskHandler - Launch cmd line: /bin/bash -ue .command.run
Oct-13 15:07:18.824 [Task submitter] INFO  nextflow.Session - [4e/d03744] Submitted process > short_read_alignment (5)
Oct-13 15:07:18.959 [Task monitor] DEBUG n.processor.TaskPollingMonitor - Task completed > TaskHandler[id: 4; name: short_read_alignment (2); status: COMPLETED; exit: 0; error: -; workDir: /home/jared/MatsenGroup/Projects/phippery/phip-flow-template/sim-example/output/work/49/c01c6fa1f8658c7f305f8f41a58701]
Oct-13 15:07:18.963 [Task monitor] DEBUG n.processor.TaskPollingMonitor - Task completed > TaskHandler[id: 6; name: short_read_alignment (4); status: COMPLETED; exit: 0; error: -; workDir: /home/jared/MatsenGroup/Projects/phippery/phip-flow-template/sim-example/output/work/a0/5c29c3a9afdb4d540802ab23becf3f]
Oct-13 15:07:18.976 [Task submitter] DEBUG nextflow.executor.LocalTaskHandler - Launch cmd line: /bin/bash -ue .command.run
Oct-13 15:07:18.976 [Task submitter] INFO  nextflow.Session - [91/8775a9] Submitted process > short_read_alignment (8)
Oct-13 15:07:18.985 [Task submitter] DEBUG nextflow.executor.LocalTaskHandler - Launch cmd line: /bin/bash -ue .command.run
Oct-13 15:07:18.985 [Task submitter] INFO  nextflow.Session - [b5/bb4fc3] Submitted process > short_read_alignment (7)
Oct-13 15:07:20.518 [Task monitor] DEBUG n.processor.TaskPollingMonitor - Task completed > TaskHandler[id: 8; name: short_read_alignment (6); status: COMPLETED; exit: 0; error: -; workDir: /home/jared/MatsenGroup/Projects/phippery/phip-flow-template/sim-example/output/work/26/0fd9a3b4c3115d5500c8dd6d4f765d]
Oct-13 15:07:20.520 [Task submitter] DEBUG nextflow.executor.LocalTaskHandler - Launch cmd line: /bin/bash -ue .command.run
Oct-13 15:07:20.521 [Task submitter] INFO  nextflow.Session - [fe/26e0f0] Submitted process > short_read_alignment (10)
Oct-13 15:07:20.960 [Task monitor] DEBUG n.processor.TaskPollingMonitor - Task completed > TaskHandler[id: 7; name: short_read_alignment (5); status: COMPLETED; exit: 0; error: -; workDir: /home/jared/MatsenGroup/Projects/phippery/phip-flow-template/sim-example/output/work/4e/d03744dbf29e82a663966db74818c6]
Oct-13 15:07:20.966 [Task submitter] DEBUG nextflow.executor.LocalTaskHandler - Launch cmd line: /bin/bash -ue .command.run
Oct-13 15:07:20.966 [Task submitter] INFO  nextflow.Session - [33/f6ec88] Submitted process > short_read_alignment (11)
Oct-13 15:07:21.054 [Task monitor] DEBUG n.processor.TaskPollingMonitor - Task completed > TaskHandler[id: 10; name: short_read_alignment (8); status: COMPLETED; exit: 0; error: -; workDir: /home/jared/MatsenGroup/Projects/phippery/phip-flow-template/sim-example/output/work/91/8775a9ac0efa899a9cd15bb975ac99]
Oct-13 15:07:21.059 [Task submitter] DEBUG nextflow.executor.LocalTaskHandler - Launch cmd line: /bin/bash -ue .command.run
Oct-13 15:07:21.060 [Task submitter] INFO  nextflow.Session - [b4/441618] Submitted process > short_read_alignment (12)
Oct-13 15:07:21.171 [Task monitor] DEBUG n.processor.TaskPollingMonitor - Task completed > TaskHandler[id: 9; name: short_read_alignment (7); status: COMPLETED; exit: 0; error: -; workDir: /home/jared/MatsenGroup/Projects/phippery/phip-flow-template/sim-example/output/work/b5/bb4fc332cf7a825a2dad322ec8bb3e]
Oct-13 15:07:21.178 [Task submitter] DEBUG nextflow.executor.LocalTaskHandler - Launch cmd line: /bin/bash -ue .command.run
Oct-13 15:07:21.178 [Task submitter] INFO  nextflow.Session - [1c/b591fb] Submitted process > short_read_alignment (9)
Oct-13 15:07:22.370 [Task monitor] DEBUG n.processor.TaskPollingMonitor - Task completed > TaskHandler[id: 12; name: short_read_alignment (10); status: COMPLETED; exit: 0; error: -; workDir: /home/jared/MatsenGroup/Projects/phippery/phip-flow-template/sim-example/output/work/fe/26e0f0f8a8f4fde2728f699097c937]
Oct-13 15:07:22.373 [Task submitter] DEBUG nextflow.executor.LocalTaskHandler - Launch cmd line: /bin/bash -ue .command.run
Oct-13 15:07:22.373 [Task submitter] INFO  nextflow.Session - [32/29025f] Submitted process > sam_to_counts (1)
Oct-13 15:07:22.897 [Task monitor] DEBUG n.processor.TaskPollingMonitor - Task completed > TaskHandler[id: 13; name: short_read_alignment (11); status: COMPLETED; exit: 0; error: -; workDir: /home/jared/MatsenGroup/Projects/phippery/phip-flow-template/sim-example/output/work/33/f6ec885eb62c5311dd94a91b1c74d7]
Oct-13 15:07:22.901 [Task submitter] DEBUG nextflow.executor.LocalTaskHandler - Launch cmd line: /bin/bash -ue .command.run
Oct-13 15:07:22.901 [Task submitter] INFO  nextflow.Session - [e9/55ffe0] Submitted process > sam_to_stats (1)
Oct-13 15:07:23.017 [Task monitor] DEBUG n.processor.TaskPollingMonitor - Task completed > TaskHandler[id: 14; name: short_read_alignment (12); status: COMPLETED; exit: 0; error: -; workDir: /home/jared/MatsenGroup/Projects/phippery/phip-flow-template/sim-example/output/work/b4/44161865588715f26bc12c1c55f8b8]
Oct-13 15:07:23.021 [Task submitter] DEBUG nextflow.executor.LocalTaskHandler - Launch cmd line: /bin/bash -ue .command.run
Oct-13 15:07:23.022 [Task submitter] INFO  nextflow.Session - [b3/daef73] Submitted process > sam_to_counts (2)
Oct-13 15:07:23.083 [Task monitor] DEBUG n.processor.TaskPollingMonitor - Task completed > TaskHandler[id: 11; name: short_read_alignment (9); status: COMPLETED; exit: 0; error: -; workDir: /home/jared/MatsenGroup/Projects/phippery/phip-flow-template/sim-example/output/work/1c/b591fb2e6de9efe48879ff53325532]
Oct-13 15:07:23.087 [Task submitter] DEBUG nextflow.executor.LocalTaskHandler - Launch cmd line: /bin/bash -ue .command.run
Oct-13 15:07:23.087 [Task submitter] INFO  nextflow.Session - [70/b247f6] Submitted process > sam_to_stats (2)
Oct-13 15:07:24.055 [Task monitor] DEBUG n.processor.TaskPollingMonitor - Task completed > TaskHandler[id: 15; name: sam_to_counts (1); status: COMPLETED; exit: 0; error: -; workDir: /home/jared/MatsenGroup/Projects/phippery/phip-flow-template/sim-example/output/work/32/29025f11c8e1f86dd7a6cbde0af772]
Oct-13 15:07:24.057 [Task submitter] DEBUG nextflow.executor.LocalTaskHandler - Launch cmd line: /bin/bash -ue .command.run
Oct-13 15:07:24.058 [Task submitter] INFO  nextflow.Session - [22/808cd9] Submitted process > sam_to_counts (3)
Oct-13 15:07:25.000 [Task monitor] DEBUG n.processor.TaskPollingMonitor - Task completed > TaskHandler[id: 16; name: sam_to_stats (1); status: COMPLETED; exit: 0; error: -; workDir: /home/jared/MatsenGroup/Projects/phippery/phip-flow-template/sim-example/output/work/e9/55ffe04e0fabdd644cd3905af2b8b2]
Oct-13 15:07:25.002 [Task submitter] DEBUG nextflow.executor.LocalTaskHandler - Launch cmd line: /bin/bash -ue .command.run
Oct-13 15:07:25.002 [Task submitter] INFO  nextflow.Session - [55/599725] Submitted process > sam_to_counts (4)
Oct-13 15:07:25.019 [Task monitor] DEBUG n.processor.TaskPollingMonitor - Task completed > TaskHandler[id: 18; name: sam_to_counts (2); status: COMPLETED; exit: 0; error: -; workDir: /home/jared/MatsenGroup/Projects/phippery/phip-flow-template/sim-example/output/work/b3/daef73bee5d6dd9d541d5a1f80502d]
Oct-13 15:07:25.021 [Task submitter] DEBUG nextflow.executor.LocalTaskHandler - Launch cmd line: /bin/bash -ue .command.run
Oct-13 15:07:25.021 [Task submitter] INFO  nextflow.Session - [78/1afa5e] Submitted process > sam_to_stats (4)
Oct-13 15:07:25.043 [Task monitor] DEBUG n.processor.TaskPollingMonitor - Task completed > TaskHandler[id: 17; name: sam_to_stats (2); status: COMPLETED; exit: 0; error: -; workDir: /home/jared/MatsenGroup/Projects/phippery/phip-flow-template/sim-example/output/work/70/b247f6b095fe62d3c1096080f0f574]
Oct-13 15:07:25.045 [Task submitter] DEBUG nextflow.executor.LocalTaskHandler - Launch cmd line: /bin/bash -ue .command.run
Oct-13 15:07:25.046 [Task submitter] INFO  nextflow.Session - [0e/89fbcf] Submitted process > sam_to_stats (3)
Oct-13 15:07:25.727 [Task monitor] DEBUG n.processor.TaskPollingMonitor - Task completed > TaskHandler[id: 20; name: sam_to_counts (3); status: COMPLETED; exit: 0; error: -; workDir: /home/jared/MatsenGroup/Projects/phippery/phip-flow-template/sim-example/output/work/22/808cd9873f3665a29debe1c3f98dbc]
Oct-13 15:07:25.729 [Task submitter] DEBUG nextflow.executor.LocalTaskHandler - Launch cmd line: /bin/bash -ue .command.run
Oct-13 15:07:25.729 [Task submitter] INFO  nextflow.Session - [ee/2cc16a] Submitted process > sam_to_counts (5)
Oct-13 15:07:26.897 [Task monitor] DEBUG n.processor.TaskPollingMonitor - Task completed > TaskHandler[id: 22; name: sam_to_stats (4); status: COMPLETED; exit: 0; error: -; workDir: /home/jared/MatsenGroup/Projects/phippery/phip-flow-template/sim-example/output/work/78/1afa5eb59a1f08464c8e8ff674c31a]
Oct-13 15:07:26.900 [Task submitter] DEBUG nextflow.executor.LocalTaskHandler - Launch cmd line: /bin/bash -ue .command.run
Oct-13 15:07:26.900 [Task submitter] INFO  nextflow.Session - [72/922e9b] Submitted process > sam_to_stats (5)
Oct-13 15:07:26.951 [Task monitor] DEBUG n.processor.TaskPollingMonitor - Task completed > TaskHandler[id: 19; name: sam_to_stats (3); status: COMPLETED; exit: 0; error: -; workDir: /home/jared/MatsenGroup/Projects/phippery/phip-flow-template/sim-example/output/work/0e/89fbcf181dc1e30b3cf277232a1277]
Oct-13 15:07:26.953 [Task submitter] DEBUG nextflow.executor.LocalTaskHandler - Launch cmd line: /bin/bash -ue .command.run
Oct-13 15:07:26.954 [Task submitter] INFO  nextflow.Session - [22/f19d65] Submitted process > sam_to_counts (6)
Oct-13 15:07:27.023 [Task monitor] DEBUG n.processor.TaskPollingMonitor - Task completed > TaskHandler[id: 21; name: sam_to_counts (4); status: COMPLETED; exit: 0; error: -; workDir: /home/jared/MatsenGroup/Projects/phippery/phip-flow-template/sim-example/output/work/55/599725513330769c8b126a150a6c83]
Oct-13 15:07:27.026 [Task submitter] DEBUG nextflow.executor.LocalTaskHandler - Launch cmd line: /bin/bash -ue .command.run
Oct-13 15:07:27.026 [Task submitter] INFO  nextflow.Session - [82/bc3926] Submitted process > sam_to_stats (6)
Oct-13 15:07:27.346 [Task monitor] DEBUG n.processor.TaskPollingMonitor - Task completed > TaskHandler[id: 24; name: sam_to_counts (5); status: COMPLETED; exit: 0; error: -; workDir: /home/jared/MatsenGroup/Projects/phippery/phip-flow-template/sim-example/output/work/ee/2cc16a2759b12250adea0413897c89]
Oct-13 15:07:27.348 [Task submitter] DEBUG nextflow.executor.LocalTaskHandler - Launch cmd line: /bin/bash -ue .command.run
Oct-13 15:07:27.348 [Task submitter] INFO  nextflow.Session - [87/8749bf] Submitted process > sam_to_counts (7)
Oct-13 15:07:28.729 [Task monitor] DEBUG n.processor.TaskPollingMonitor - Task completed > TaskHandler[id: 23; name: sam_to_stats (5); status: COMPLETED; exit: 0; error: -; workDir: /home/jared/MatsenGroup/Projects/phippery/phip-flow-template/sim-example/output/work/72/922e9b91fdfc48d4624a1d22d20811]
Oct-13 15:07:28.731 [Task submitter] DEBUG nextflow.executor.LocalTaskHandler - Launch cmd line: /bin/bash -ue .command.run
Oct-13 15:07:28.731 [Task submitter] INFO  nextflow.Session - [6a/735616] Submitted process > sam_to_stats (7)
Oct-13 15:07:29.026 [Task monitor] DEBUG n.processor.TaskPollingMonitor - Task completed > TaskHandler[id: 25; name: sam_to_counts (6); status: COMPLETED; exit: 0; error: -; workDir: /home/jared/MatsenGroup/Projects/phippery/phip-flow-template/sim-example/output/work/22/f19d6589525e2a4d5c521a64f3fe49]
Oct-13 15:07:29.029 [Task submitter] DEBUG nextflow.executor.LocalTaskHandler - Launch cmd line: /bin/bash -ue .command.run
Oct-13 15:07:29.029 [Task submitter] INFO  nextflow.Session - [d4/deb540] Submitted process > sam_to_counts (8)
Oct-13 15:07:29.108 [Task monitor] DEBUG n.processor.TaskPollingMonitor - Task completed > TaskHandler[id: 26; name: sam_to_stats (6); status: COMPLETED; exit: 0; error: -; workDir: /home/jared/MatsenGroup/Projects/phippery/phip-flow-template/sim-example/output/work/82/bc392623c5bc75ae303ad96d6ea434]
Oct-13 15:07:29.111 [Task submitter] DEBUG nextflow.executor.LocalTaskHandler - Launch cmd line: /bin/bash -ue .command.run
Oct-13 15:07:29.111 [Task submitter] INFO  nextflow.Session - [e4/9cb05d] Submitted process > sam_to_stats (8)
Oct-13 15:07:29.185 [Task monitor] DEBUG n.processor.TaskPollingMonitor - Task completed > TaskHandler[id: 28; name: sam_to_counts (7); status: COMPLETED; exit: 0; error: -; workDir: /home/jared/MatsenGroup/Projects/phippery/phip-flow-template/sim-example/output/work/87/8749bfcf5cad98ed5665e7b2994249]
Oct-13 15:07:29.188 [Task submitter] DEBUG nextflow.executor.LocalTaskHandler - Launch cmd line: /bin/bash -ue .command.run
Oct-13 15:07:29.188 [Task submitter] INFO  nextflow.Session - [38/07f174] Submitted process > sam_to_counts (9)
Oct-13 15:07:30.812 [Task monitor] DEBUG n.processor.TaskPollingMonitor - Task completed > TaskHandler[id: 27; name: sam_to_stats (7); status: COMPLETED; exit: 0; error: -; workDir: /home/jared/MatsenGroup/Projects/phippery/phip-flow-template/sim-example/output/work/6a/7356162920eff8f8280205db92e879]
Oct-13 15:07:30.815 [Task submitter] DEBUG nextflow.executor.LocalTaskHandler - Launch cmd line: /bin/bash -ue .command.run
Oct-13 15:07:30.815 [Task submitter] INFO  nextflow.Session - [c0/c55275] Submitted process > sam_to_stats (9)
Oct-13 15:07:30.972 [Task monitor] DEBUG n.processor.TaskPollingMonitor - Task completed > TaskHandler[id: 30; name: sam_to_counts (8); status: COMPLETED; exit: 0; error: -; workDir: /home/jared/MatsenGroup/Projects/phippery/phip-flow-template/sim-example/output/work/d4/deb540b9234ccebef4d9a3caefe1de]
Oct-13 15:07:30.974 [Task submitter] DEBUG nextflow.executor.LocalTaskHandler - Launch cmd line: /bin/bash -ue .command.run
Oct-13 15:07:30.974 [Task submitter] INFO  nextflow.Session - [5a/e7684d] Submitted process > sam_to_counts (10)
Oct-13 15:07:31.122 [Task monitor] DEBUG n.processor.TaskPollingMonitor - Task completed > TaskHandler[id: 29; name: sam_to_stats (8); status: COMPLETED; exit: 0; error: -; workDir: /home/jared/MatsenGroup/Projects/phippery/phip-flow-template/sim-example/output/work/e4/9cb05d2f03a728fda1b063f8402b4f]
Oct-13 15:07:31.124 [Task submitter] DEBUG nextflow.executor.LocalTaskHandler - Launch cmd line: /bin/bash -ue .command.run
Oct-13 15:07:31.125 [Task submitter] INFO  nextflow.Session - [06/6881a7] Submitted process > sam_to_stats (10)
Oct-13 15:07:31.293 [Task monitor] DEBUG n.processor.TaskPollingMonitor - Task completed > TaskHandler[id: 32; name: sam_to_counts (9); status: COMPLETED; exit: 0; error: -; workDir: /home/jared/MatsenGroup/Projects/phippery/phip-flow-template/sim-example/output/work/38/07f174962da5e4eb7f00c1e1090af8]
Oct-13 15:07:31.296 [Task submitter] DEBUG nextflow.executor.LocalTaskHandler - Launch cmd line: /bin/bash -ue .command.run
Oct-13 15:07:31.296 [Task submitter] INFO  nextflow.Session - [72/7c1db1] Submitted process > sam_to_counts (11)
Oct-13 15:07:32.822 [Task monitor] DEBUG n.processor.TaskPollingMonitor - Task completed > TaskHandler[id: 31; name: sam_to_stats (9); status: COMPLETED; exit: 0; error: -; workDir: /home/jared/MatsenGroup/Projects/phippery/phip-flow-template/sim-example/output/work/c0/c5527571b694698b8815a40e6ab40a]
Oct-13 15:07:32.830 [Task submitter] DEBUG nextflow.executor.LocalTaskHandler - Launch cmd line: /bin/bash -ue .command.run
Oct-13 15:07:32.831 [Task submitter] INFO  nextflow.Session - [68/1c6a62] Submitted process > sam_to_stats (11)
Oct-13 15:07:33.047 [Task monitor] DEBUG n.processor.TaskPollingMonitor - Task completed > TaskHandler[id: 33; name: sam_to_counts (10); status: COMPLETED; exit: 0; error: -; workDir: /home/jared/MatsenGroup/Projects/phippery/phip-flow-template/sim-example/output/work/5a/e7684d19decc377dbf85ffc4ac7c32]
Oct-13 15:07:33.051 [Task submitter] DEBUG nextflow.executor.LocalTaskHandler - Launch cmd line: /bin/bash -ue .command.run
Oct-13 15:07:33.051 [Task submitter] INFO  nextflow.Session - [1a/5398cb] Submitted process > sam_to_counts (12)
Oct-13 15:07:33.241 [Task monitor] DEBUG n.processor.TaskPollingMonitor - Task completed > TaskHandler[id: 34; name: sam_to_stats (10); status: COMPLETED; exit: 0; error: -; workDir: /home/jared/MatsenGroup/Projects/phippery/phip-flow-template/sim-example/output/work/06/6881a7d5432a0df0f07fe3d9761622]
Oct-13 15:07:33.244 [Task submitter] DEBUG nextflow.executor.LocalTaskHandler - Launch cmd line: /bin/bash -ue .command.run
Oct-13 15:07:33.244 [Task submitter] INFO  nextflow.Session - [15/f847f5] Submitted process > sam_to_stats (12)
Oct-13 15:07:33.244 [Task monitor] DEBUG n.processor.TaskPollingMonitor - Task completed > TaskHandler[id: 36; name: sam_to_counts (11); status: COMPLETED; exit: 0; error: -; workDir: /home/jared/MatsenGroup/Projects/phippery/phip-flow-template/sim-example/output/work/72/7c1db1f964865fe5841cda915b3bde]
Oct-13 15:07:34.640 [Task monitor] DEBUG n.processor.TaskPollingMonitor - Task completed > TaskHandler[id: 35; name: sam_to_stats (11); status: COMPLETED; exit: 0; error: -; workDir: /home/jared/MatsenGroup/Projects/phippery/phip-flow-template/sim-example/output/work/68/1c6a62e08477f10133812a78f49691]
Oct-13 15:07:34.972 [Task monitor] DEBUG n.processor.TaskPollingMonitor - Task completed > TaskHandler[id: 38; name: sam_to_counts (12); status: COMPLETED; exit: 0; error: -; workDir: /home/jared/MatsenGroup/Projects/phippery/phip-flow-template/sim-example/output/work/1a/5398cbf5c5f3132e1b4b75debfdbd5]
Oct-13 15:07:34.984 [Task monitor] DEBUG n.processor.TaskPollingMonitor - Task completed > TaskHandler[id: 37; name: sam_to_stats (12); status: COMPLETED; exit: 0; error: -; workDir: /home/jared/MatsenGroup/Projects/phippery/phip-flow-template/sim-example/output/work/15/f847f56982e5b8e47e77c3c8139bf3]
Oct-13 15:07:35.001 [Task submitter] DEBUG nextflow.executor.LocalTaskHandler - Launch cmd line: /bin/bash -ue .command.run
Oct-13 15:07:35.002 [Task submitter] INFO  nextflow.Session - [72/f46db5] Submitted process > collect_phip_data (1)
Oct-13 15:07:36.370 [Task monitor] DEBUG n.processor.TaskPollingMonitor - Task completed > TaskHandler[id: 39; name: collect_phip_data (1); status: COMPLETED; exit: 0; error: -; workDir: /home/jared/MatsenGroup/Projects/phippery/phip-flow-template/sim-example/output/work/72/f46db526e2f173bfa87ededdac7b3f]
Oct-13 15:07:36.377 [Task monitor] DEBUG n.util.BlockingThreadExecutorFactory - Thread pool name=FileTransfer; maxThreads=12; maxQueueSize=36; keepAlive=1m
Oct-13 15:07:36.382 [main] DEBUG nextflow.Session - Session await > all process finished
Oct-13 15:07:36.384 [main] DEBUG nextflow.Session - Session await > all barriers passed
Oct-13 15:07:36.390 [main] DEBUG nextflow.trace.WorkflowStatsObserver - Workflow completed > WorkflowStats[succeededCount=39; failedCount=0; ignoredCount=0; cachedCount=0; pendingCount=0; submittedCount=0; runningCount=0; retriesCount=0; abortedCount=0; succeedDuration=1.5s; failedDuration=0ms; cachedDuration=0ms;loadCpus=0; loadMemory=0; peakRunning=4; peakCpus=4; peakMemory=0; ]
Oct-13 15:07:36.390 [main] DEBUG nextflow.trace.ReportObserver - Flow completing -- rendering html report
Oct-13 15:07:36.427 [main] DEBUG nextflow.trace.ReportObserver - Execution report summary data:
  [{"cpuUsage":{"mean":168.1,"min":168.1,"q1":168.1,"q2":168.1,"q3":168.1,"max":168.1,"minLabel":"generate_fasta_reference (1)","maxLabel":"generate_fasta_reference (1)","q1Label":"generate_fasta_reference (1)","q2Label":"generate_fasta_reference (1)","q3Label":"generate_fasta_reference (1)"},"process":"generate_fasta_reference","mem":{"mean":11870208,"min":11870208,"q1":11870208,"q2":11870208,"q3":11870208,"max":11870208,"minLabel":"generate_fasta_reference (1)","maxLabel":"generate_fasta_reference (1)","q1Label":"generate_fasta_reference (1)","q2Label":"generate_fasta_reference (1)","q3Label":"generate_fasta_reference (1)"},"memUsage":null,"timeUsage":null,"vmem":{"mean":18276352,"min":18276352,"q1":18276352,"q2":18276352,"q3":18276352,"max":18276352,"minLabel":"generate_fasta_reference (1)","maxLabel":"generate_fasta_reference (1)","q1Label":"generate_fasta_reference (1)","q2Label":"generate_fasta_reference (1)","q3Label":"generate_fasta_reference (1)"},"reads":{"mean":16346920,"min":16346920,"q1":16346920,"q2":16346920,"q3":16346920,"max":16346920,"minLabel":"generate_fasta_reference (1)","maxLabel":"generate_fasta_reference (1)","q1Label":"generate_fasta_reference (1)","q2Label":"generate_fasta_reference (1)","q3Label":"generate_fasta_reference (1)"},"cpu":{"mean":168.1,"min":168.1,"q1":168.1,"q2":168.1,"q3":168.1,"max":168.1,"minLabel":"generate_fasta_reference (1)","maxLabel":"generate_fasta_reference (1)","q1Label":"generate_fasta_reference (1)","q2Label":"generate_fasta_reference (1)","q3Label":"generate_fasta_reference (1)"},"time":{"mean":713,"min":713,"q1":713,"q2":713,"q3":713,"max":713,"minLabel":"generate_fasta_reference (1)","maxLabel":"generate_fasta_reference (1)","q1Label":"generate_fasta_reference (1)","q2Label":"generate_fasta_reference (1)","q3Label":"generate_fasta_reference (1)"},"writes":{"mean":194742,"min":194742,"q1":194742,"q2":194742,"q3":194742,"max":194742,"minLabel":"generate_fasta_reference (1)","maxLabel":"generate_fasta_reference (1)","q1Label":"generate_fasta_reference (1)","q2Label":"generate_fasta_reference (1)","q3Label":"generate_fasta_reference (1)"}},{"cpuUsage":{"mean":103,"min":103,"q1":103,"q2":103,"q3":103,"max":103,"minLabel":"generate_index (1)","maxLabel":"generate_index (1)","q1Label":"generate_index (1)","q2Label":"generate_index (1)","q3Label":"generate_index (1)"},"process":"generate_index","mem":{"mean":10170368,"min":10170368,"q1":10170368,"q2":10170368,"q3":10170368,"max":10170368,"minLabel":"generate_index (1)","maxLabel":"generate_index (1)","q1Label":"generate_index (1)","q2Label":"generate_index (1)","q3Label":"generate_index (1)"},"memUsage":null,"timeUsage":null,"vmem":{"mean":33529856,"min":33529856,"q1":33529856,"q2":33529856,"q3":33529856,"max":33529856,"minLabel":"generate_index (1)","maxLabel":"generate_index (1)","q1Label":"generate_index (1)","q2Label":"generate_index (1)","q3Label":"generate_index (1)"},"reads":{"mean":730132,"min":730132,"q1":730132,"q2":730132,"q3":730132,"max":730132,"minLabel":"generate_index (1)","maxLabel":"generate_index (1)","q1Label":"generate_index (1)","q2Label":"generate_index (1)","q3Label":"generate_index (1)"},"cpu":{"mean":103,"min":103,"q1":103,"q2":103,"q3":103,"max":103,"minLabel":"generate_index (1)","maxLabel":"generate_index (1)","q1Label":"generate_index (1)","q2Label":"generate_index (1)","q3Label":"generate_index (1)"},"time":null,"writes":{"mean":8432517,"min":8432517,"q1":8432517,"q2":8432517,"q3":8432517,"max":8432517,"minLabel":"generate_index (1)","maxLabel":"generate_index (1)","q1Label":"generate_index (1)","q2Label":"generate_index (1)","q3Label":"generate_index (1)"}},{"cpuUsage":{"mean":42.23,"min":38.1,"q1":40,"q2":42.9,"q3":43.28,"max":46.2,"minLabel":"short_read_alignment (6)","maxLabel":"short_read_alignment (9)","q1Label":"short_read_alignment (10)","q2Label":"short_read_alignment (3)","q3Label":"short_read_alignment (7)"},"process":"short_read_alignment","mem":{"mean":13603498.67,"min":11546624,"q1":12232704,"q2":13023232,"q3":15425536,"max":15495168,"minLabel":"short_read_alignment (5)","maxLabel":"short_read_alignment (12)","q1Label":"short_read_alignment (2)","q2Label":"short_read_alignment (8)","q3Label":"short_read_alignment (6)"},"memUsage":null,"timeUsage":null,"vmem":{"mean":81574229.33,"min":32182272,"q1":35164160,"q2":35475456,"q3":174931968,"max":174931968,"minLabel":"short_read_alignment (11)","maxLabel":"short_read_alignment (12)","q1Label":"short_read_alignment (3)","q2Label":"short_read_alignment (4)","q3Label":"short_read_alignment (1)"},"reads":{"mean":9208454.5,"min":9208454,"q1":9208454,"q2":9208454,"q3":9208454.25,"max":9208457,"minLabel":"short_read_alignment (1)","maxLabel":"short_read_alignment (10)","q1Label":"short_read_alignment (2)","q2Label":"short_read_alignment (8)","q3Label":"short_read_alignment (9)"},"cpu":{"mean":42.23,"min":38.1,"q1":40,"q2":42.9,"q3":43.28,"max":46.2,"minLabel":"short_read_alignment (6)","maxLabel":"short_read_alignment (9)","q1Label":"short_read_alignment (10)","q2Label":"short_read_alignment (3)","q3Label":"short_read_alignment (7)"},"time":null,"writes":{"mean":6156,"min":6156,"q1":6156,"q2":6156,"q3":6156,"max":6156,"minLabel":"short_read_alignment (1)","maxLabel":"short_read_alignment (9)","q1Label":"short_read_alignment (2)","q2Label":"short_read_alignment (5)","q3Label":"short_read_alignment (10)"}},{"cpuUsage":{"mean":85.09,"min":57.1,"q1":66.3,"q2":87.85,"q3":96.05,"max":120,"minLabel":"sam_to_counts (4)","maxLabel":"sam_to_counts (3)","q1Label":"sam_to_counts (10)","q2Label":"sam_to_counts (1)","q3Label":"sam_to_counts (12)"},"process":"sam_to_counts","mem":{"mean":14380373.33,"min":2834432,"q1":2911232,"q2":2918400,"q3":37203968,"max":37482496,"minLabel":"sam_to_counts (4)","maxLabel":"sam_to_counts (9)","q1Label":"sam_to_counts (6)","q2Label":"sam_to_counts (8)","q3Label":"sam_to_counts (11)"},"memUsage":null,"timeUsage":null,"vmem":{"mean":243080533.33,"min":11571200,"q1":11571200,"q2":11571200,"q3":651479040,"max":733409280,"minLabel":"sam_to_counts (2)","maxLabel":"sam_to_counts (9)","q1Label":"sam_to_counts (5)","q2Label":"sam_to_counts (8)","q3Label":"sam_to_counts (11)"},"reads":{"mean":118684.5,"min":118679,"q1":118680,"q2":118680,"q3":118681,"max":118707,"minLabel":"sam_to_counts (8)","maxLabel":"sam_to_counts (11)","q1Label":"sam_to_counts (2)","q2Label":"sam_to_counts (6)","q3Label":"sam_to_counts (3)"},"cpu":{"mean":85.09,"min":57.1,"q1":66.3,"q2":87.85,"q3":96.05,"max":120,"minLabel":"sam_to_counts (4)","maxLabel":"sam_to_counts (3)","q1Label":"sam_to_counts (10)","q2Label":"sam_to_counts (1)","q3Label":"sam_to_counts (12)"},"time":null,"writes":{"mean":5807.25,"min":5807,"q1":5807,"q2":5807,"q3":5807.25,"max":5808,"minLabel":"sam_to_counts (1)","maxLabel":"sam_to_counts (11)","q1Label":"sam_to_counts (4)","q2Label":"sam_to_counts (8)","q3Label":"sam_to_counts (12)"}},{"cpuUsage":{"mean":58.71,"min":18.2,"q1":43.3,"q2":50,"q3":80,"max":100,"minLabel":"sam_to_stats (9)","maxLabel":"sam_to_stats (10)","q1Label":"sam_to_stats (7)","q2Label":"sam_to_stats (1)","q3Label":"sam_to_stats (8)"},"process":"sam_to_stats","mem":{"mean":1959253.33,"min":0,"q1":0,"q2":2928640,"q3":2958336,"max":3006464,"minLabel":"sam_to_stats (1)","maxLabel":"sam_to_stats (4)","q1Label":"sam_to_stats (10)","q2Label":"sam_to_stats (5)","q3Label":"sam_to_stats (11)"},"memUsage":null,"timeUsage":null,"vmem":{"mean":7714133.33,"min":0,"q1":0,"q2":11571200,"q3":11571200,"max":11571200,"minLabel":"sam_to_stats (1)","maxLabel":"sam_to_stats (11)","q1Label":"sam_to_stats (10)","q2Label":"sam_to_stats (3)","q3Label":"sam_to_stats (7)"},"reads":{"mean":82624.08,"min":82623,"q1":82623,"q2":82623.5,"q3":82624.25,"max":82627,"minLabel":"sam_to_stats (1)","maxLabel":"sam_to_stats (11)","q1Label":"sam_to_stats (3)","q2Label":"sam_to_stats (12)","q3Label":"sam_to_stats (7)"},"cpu":{"mean":58.71,"min":18.2,"q1":43.3,"q2":50,"q3":80,"max":100,"minLabel":"sam_to_stats (9)","maxLabel":"sam_to_stats (10)","q1Label":"sam_to_stats (7)","q2Label":"sam_to_stats (1)","q3Label":"sam_to_stats (8)"},"time":null,"writes":{"mean":32247.33,"min":32247,"q1":32247,"q2":32247,"q3":32248,"max":32248,"minLabel":"sam_to_stats (1)","maxLabel":"sam_to_stats (11)","q1Label":"sam_to_stats (3)","q2Label":"sam_to_stats (7)","q3Label":"sam_to_stats (2)"}},{"cpuUsage":{"mean":168.8,"min":168.8,"q1":168.8,"q2":168.8,"q3":168.8,"max":168.8,"minLabel":"collect_phip_data (1)","maxLabel":"collect_phip_data (1)","q1Label":"collect_phip_data (1)","q2Label":"collect_phip_data (1)","q3Label":"collect_phip_data (1)"},"process":"collect_phip_data","mem":{"mean":11685888,"min":11685888,"q1":11685888,"q2":11685888,"q3":11685888,"max":11685888,"minLabel":"collect_phip_data (1)","maxLabel":"collect_phip_data (1)","q1Label":"collect_phip_data (1)","q2Label":"collect_phip_data (1)","q3Label":"collect_phip_data (1)"},"memUsage":null,"timeUsage":null,"vmem":{"mean":18276352,"min":18276352,"q1":18276352,"q2":18276352,"q3":18276352,"max":18276352,"minLabel":"collect_phip_data (1)","maxLabel":"collect_phip_data (1)","q1Label":"collect_phip_data (1)","q2Label":"collect_phip_data (1)","q3Label":"collect_phip_data (1)"},"reads":{"mean":16353968,"min":16353968,"q1":16353968,"q2":16353968,"q3":16353968,"max":16353968,"minLabel":"collect_phip_data (1)","maxLabel":"collect_phip_data (1)","q1Label":"collect_phip_data (1)","q2Label":"collect_phip_data (1)","q3Label":"collect_phip_data (1)"},"cpu":{"mean":168.8,"min":168.8,"q1":168.8,"q2":168.8,"q3":168.8,"max":168.8,"minLabel":"collect_phip_data (1)","maxLabel":"collect_phip_data (1)","q1Label":"collect_phip_data (1)","q2Label":"collect_phip_data (1)","q3Label":"collect_phip_data (1)"},"time":{"mean":793,"min":793,"q1":793,"q2":793,"q3":793,"max":793,"minLabel":"collect_phip_data (1)","maxLabel":"collect_phip_data (1)","q1Label":"collect_phip_data (1)","q2Label":"collect_phip_data (1)","q3Label":"collect_phip_data (1)"},"writes":{"mean":201154,"min":201154,"q1":201154,"q2":201154,"q3":201154,"max":201154,"minLabel":"collect_phip_data (1)","maxLabel":"collect_phip_data (1)","q1Label":"collect_phip_data (1)","q2Label":"collect_phip_data (1)","q3Label":"collect_phip_data (1)"}}]
Oct-13 15:07:37.058 [main] DEBUG nextflow.CacheDB - Closing CacheDB done
Oct-13 15:07:37.069 [main] DEBUG nextflow.script.ScriptRunner - > Execution complete -- Goodbye
